[2021-10-06 00:10:26,460] [main] [INFO] ============== Generating Demo Project ==============
[2021-10-06 00:10:26,461] [proj] [INFO] ---------------- Loading project parameters and component definitions...
[2021-10-06 00:10:26,464] [proj] [DEBUG] Found component: 'comgen.CAN', XML: 'G:\devproj\github\calvos_0_4\calvos\calvos-engine\calvos\comgen\CAN.xml'
[2021-10-06 00:10:26,464] [proj] [DEBUG] Found component: 'common.codegen', XML: 'G:\devproj\github\calvos_0_4\calvos\calvos-engine\calvos\common\codegen.xml'
[2021-10-06 00:10:26,464] [proj] [DEBUG] Found component: 'common.project', XML: 'G:\devproj\github\calvos_0_4\calvos\calvos-engine\calvos\common\project.xml'
[2021-10-06 00:10:26,464] [proj] [DEBUG] Found component: 'utils.time', XML: 'G:\devproj\github\calvos_0_4\calvos\calvos-engine\calvos\utils\time.xml'
[2021-10-06 00:10:26,465] [proj] [DEBUG] Loading definitions for component 'comgen.CAN'...
[2021-10-06 00:10:26,465] [proj] [DEBUG] Loading parameter 'comgen.CAN:CAN_gen_nodes'...
[2021-10-06 00:10:26,465] [proj] [DEBUG] Loading parameter 'comgen.CAN:CAN_gen_file_full_names'...
[2021-10-06 00:10:26,465] [proj] [DEBUG] Loading parameter 'comgen.CAN:CAN_enum_sym_prefix'...
[2021-10-06 00:10:26,465] [proj] [DEBUG] Loading parameter 'comgen.CAN:CAN_enum_type_prefix'...
[2021-10-06 00:10:26,465] [proj] [DEBUG] Loading parameter 'comgen.CAN:CAN_msg_search_algorithms'...
[2021-10-06 00:10:26,465] [proj] [DEBUG] Loading parameter 'comgen.CAN:CAN_msg_search_algorithm'...
[2021-10-06 00:10:26,465] [proj] [DEBUG] Validating validator '["comgen.CAN", "CAN_msg_search_algorithms"]'...
[2021-10-06 00:10:26,465] [proj] [DEBUG] Loading parameter 'comgen.CAN:CAN_msg_search_algorithm_param1'...
[2021-10-06 00:10:26,465] [proj] [DEBUG] Loading parameter 'comgen.CAN:CAN_msg_search_algorithm_param2'...
[2021-10-06 00:10:26,465] [proj] [DEBUG] Loading parameter 'comgen.CAN:CAN_start_timeouts_at_init'...
[2021-10-06 00:10:26,466] [proj] [DEBUG] Loading parameter 'comgen.CAN:CAN_tx_task_period'...
[2021-10-06 00:10:26,466] [proj] [DEBUG] Loading parameter 'comgen.CAN:CAN_tx_period_tolerance'...
[2021-10-06 00:10:26,466] [proj] [DEBUG] Loading parameter 'comgen.CAN:CAN_rx_task_period'...
[2021-10-06 00:10:26,466] [proj] [DEBUG] Loading parameter 'comgen.CAN:CAN_rx_timeout_tolerance'...
[2021-10-06 00:10:26,466] [proj] [DEBUG] Loading parameter 'comgen.CAN:CAN_tx_queue_len'...
[2021-10-06 00:10:26,466] [proj] [DEBUG] Loading parameter 'comgen.CAN:CAN_tx_queue_task_ms'...
[2021-10-06 00:10:26,466] [proj] [DEBUG] Loading parameter 'comgen.CAN:CAN_tx_confirm_msg_id'...
[2021-10-06 00:10:26,466] [proj] [DEBUG] Loading parameter 'comgen.CAN:CAN_tx_data_init_val'...
[2021-10-06 00:10:26,466] [proj] [DEBUG] Loading parameter 'comgen.CAN:CAN_rx_data_init_val'...
[2021-10-06 00:10:26,466] [proj] [INFO] Loading of definitions for component 'comgen.CAN' completed.
[2021-10-06 00:10:26,466] [proj] [DEBUG] Loading definitions for component 'common.codegen'...
[2021-10-06 00:10:26,466] [proj] [DEBUG] Loading parameter 'common.codegen:codegen_word_size'...
[2021-10-06 00:10:26,466] [proj] [DEBUG] Loading parameter 'common.codegen:codegen_is_big_endian'...
[2021-10-06 00:10:26,467] [proj] [DEBUG] Loading parameter 'common.codegen:codegen_pack_struct_str'...
[2021-10-06 00:10:26,467] [proj] [DEBUG] Loading parameter 'common.codegen:codegen_pack_struct_str_pos'...
[2021-10-06 00:10:26,467] [proj] [DEBUG] Loading parameter 'common.codegen:codegen_uint32_t'...
[2021-10-06 00:10:26,467] [proj] [DEBUG] Loading parameter 'common.codegen:codegen_os_fastest_task_ms'...
[2021-10-06 00:10:26,467] [proj] [INFO] Loading of definitions for component 'common.codegen' completed.
[2021-10-06 00:10:26,467] [proj] [DEBUG] Loading definitions for component 'common.project'...
[2021-10-06 00:10:26,467] [proj] [DEBUG] Loading parameter 'common.project:project_allowedComponents'...
[2021-10-06 00:10:26,467] [proj] [DEBUG] Loading parameter 'common.project:project_alias_dict'...
[2021-10-06 00:10:26,467] [proj] [DEBUG] Loading parameter 'common.project:project_root'...
[2021-10-06 00:10:26,467] [proj] [DEBUG] Loading parameter 'common.project:project_path_usr_in'...
[2021-10-06 00:10:26,467] [proj] [DEBUG] Loading parameter 'common.project:project_path_out'...
[2021-10-06 00:10:26,467] [proj] [DEBUG] Loading parameter 'common.project:project_path_working'...
[2021-10-06 00:10:26,467] [proj] [DEBUG] Loading parameter 'common.project:project_path_doc'...
[2021-10-06 00:10:26,467] [proj] [DEBUG] Loading parameter 'common.project:project_path_templates'...
[2021-10-06 00:10:26,467] [proj] [DEBUG] Loading parameter 'common.project:project_pickle'...
[2021-10-06 00:10:26,468] [proj] [DEBUG] Loading parameter 'common.project:project_generate_code'...
[2021-10-06 00:10:26,468] [proj] [DEBUG] Loading parameter 'common.project:project_generate_XML'...
[2021-10-06 00:10:26,468] [proj] [DEBUG] Loading parameter 'common.project:project_generate_docs'...
[2021-10-06 00:10:26,468] [proj] [DEBUG] Loading parameter 'common.project:project_infinite'...
[2021-10-06 00:10:26,468] [proj] [INFO] Loading of definitions for component 'common.project' completed.
[2021-10-06 00:10:26,468] [proj] [DEBUG] Loading definitions for component 'utils.time'...
[2021-10-06 00:10:26,468] [proj] [DEBUG] Loading parameter 'utils.time:time_tasks'...
[2021-10-06 00:10:26,468] [proj] [DEBUG] Loading parameter 'utils.time:time_types'...
[2021-10-06 00:10:26,468] [proj] [DEBUG] Loading parameter 'utils.time:time_types_default'...
[2021-10-06 00:10:26,468] [proj] [DEBUG] Validating validator '["utils.time", "time_types"]'...
[2021-10-06 00:10:26,468] [proj] [DEBUG] Loading parameter 'utils.time:time_timer_mechanisms'...
[2021-10-06 00:10:26,468] [proj] [DEBUG] Loading parameter 'utils.time:time_timer_mechanism'...
[2021-10-06 00:10:26,468] [proj] [DEBUG] Validating validator '["utils.time", "time_timer_mechanisms"]'...
[2021-10-06 00:10:26,468] [proj] [DEBUG] Loading parameter 'utils.time:time_mechanism_param1'...
[2021-10-06 00:10:26,468] [proj] [INFO] Loading of definitions for component 'utils.time' completed.
[2021-10-06 00:10:26,469] [proj] [INFO] Loaded project parameters and component definitions.
[2021-10-06 00:10:26,469] [proj] [INFO] ---------------- Creating demo project XML...
[2021-10-06 00:10:26,469] [proj] [DEBUG] Creating Component XML element for component 'comgen.CAN'...
[2021-10-06 00:10:26,469] [proj] [DEBUG] Exporting user input template file 'template - CAN Network Definition.ods'...
[2021-10-06 00:10:26,481] [proj] [INFO] Demo project XML created.
[2021-10-06 00:10:26,481] [proj] [INFO] ---------------- Exporting Demo project XML...
[2021-10-06 00:10:26,482] [proj] [INFO] Demo project XML exported.
[2021-10-06 00:10:26,482] [main] [INFO] Done. Demo project generated. 
[2021-10-06 00:10:26,483] [main] [INFO] ============== Started calvOS project processing. ==============
[2021-10-06 00:10:26,483] [main] [INFO] Setting up project folders.
[2021-10-06 00:10:26,485] [cg] [DEBUG] Deleted element G:\devproj\github\calvos_0_4\calvos\calvos-engine\calvos\demo\out\doc\templates
[2021-10-06 00:10:26,486] [cg] [DEBUG] Deleted element G:\devproj\github\calvos_0_4\calvos\calvos-engine\calvos\demo\out\doc
[2021-10-06 00:10:26,488] [cg] [DEBUG] Deleted element G:\devproj\github\calvos_0_4\calvos\calvos-engine\calvos\demo\out\working_dir
[2021-10-06 00:10:26,489] [cg] [INFO] Folder to be created 'G:\devproj\github\calvos_0_4\calvos\calvos-engine\calvos\demo\out' already exists.
[2021-10-06 00:10:26,489] [cg] [DEBUG] Folder created: G:\devproj\github\calvos_0_4\calvos\calvos-engine\calvos\demo\out\working_dir
[2021-10-06 00:10:26,489] [cg] [DEBUG] Folder created: G:\devproj\github\calvos_0_4\calvos\calvos-engine\calvos\demo\out\doc
[2021-10-06 00:10:26,489] [cg] [DEBUG] Folder created: G:\devproj\github\calvos_0_4\calvos\calvos-engine\calvos\demo\out\doc\templates
[2021-10-06 00:10:26,489] [main] [INFO] ============== Loading project infrastructure. ==============
[2021-10-06 00:10:26,489] [main] [INFO] Create instance for project in "G:\devproj\github\calvos_0_4\calvos\calvos-engine\calvos\demo\calvos_project.xml"
[2021-10-06 00:10:26,490] [proj] [INFO] Loading project parameters and component definitions...
[2021-10-06 00:10:26,493] [proj] [DEBUG] Found component: 'comgen.CAN', XML: 'G:\devproj\github\calvos_0_4\calvos\calvos-engine\calvos\comgen\CAN.xml'
[2021-10-06 00:10:26,493] [proj] [DEBUG] Found component: 'common.codegen', XML: 'G:\devproj\github\calvos_0_4\calvos\calvos-engine\calvos\common\codegen.xml'
[2021-10-06 00:10:26,493] [proj] [DEBUG] Found component: 'common.project', XML: 'G:\devproj\github\calvos_0_4\calvos\calvos-engine\calvos\common\project.xml'
[2021-10-06 00:10:26,493] [proj] [DEBUG] Found component: 'utils.time', XML: 'G:\devproj\github\calvos_0_4\calvos\calvos-engine\calvos\utils\time.xml'
[2021-10-06 00:10:26,494] [proj] [DEBUG] Loading definitions for component 'comgen.CAN'...
[2021-10-06 00:10:26,494] [proj] [DEBUG] Loading parameter 'comgen.CAN:CAN_gen_nodes'...
[2021-10-06 00:10:26,494] [proj] [DEBUG] Loading parameter 'comgen.CAN:CAN_gen_file_full_names'...
[2021-10-06 00:10:26,494] [proj] [DEBUG] Loading parameter 'comgen.CAN:CAN_enum_sym_prefix'...
[2021-10-06 00:10:26,494] [proj] [DEBUG] Loading parameter 'comgen.CAN:CAN_enum_type_prefix'...
[2021-10-06 00:10:26,494] [proj] [DEBUG] Loading parameter 'comgen.CAN:CAN_msg_search_algorithms'...
[2021-10-06 00:10:26,494] [proj] [DEBUG] Loading parameter 'comgen.CAN:CAN_msg_search_algorithm'...
[2021-10-06 00:10:26,494] [proj] [DEBUG] Validating validator '["comgen.CAN", "CAN_msg_search_algorithms"]'...
[2021-10-06 00:10:26,494] [proj] [DEBUG] Loading parameter 'comgen.CAN:CAN_msg_search_algorithm_param1'...
[2021-10-06 00:10:26,494] [proj] [DEBUG] Loading parameter 'comgen.CAN:CAN_msg_search_algorithm_param2'...
[2021-10-06 00:10:26,494] [proj] [DEBUG] Loading parameter 'comgen.CAN:CAN_start_timeouts_at_init'...
[2021-10-06 00:10:26,494] [proj] [DEBUG] Loading parameter 'comgen.CAN:CAN_tx_task_period'...
[2021-10-06 00:10:26,494] [proj] [DEBUG] Loading parameter 'comgen.CAN:CAN_tx_period_tolerance'...
[2021-10-06 00:10:26,494] [proj] [DEBUG] Loading parameter 'comgen.CAN:CAN_rx_task_period'...
[2021-10-06 00:10:26,494] [proj] [DEBUG] Loading parameter 'comgen.CAN:CAN_rx_timeout_tolerance'...
[2021-10-06 00:10:26,495] [proj] [DEBUG] Loading parameter 'comgen.CAN:CAN_tx_queue_len'...
[2021-10-06 00:10:26,495] [proj] [DEBUG] Loading parameter 'comgen.CAN:CAN_tx_queue_task_ms'...
[2021-10-06 00:10:26,495] [proj] [DEBUG] Loading parameter 'comgen.CAN:CAN_tx_confirm_msg_id'...
[2021-10-06 00:10:26,495] [proj] [DEBUG] Loading parameter 'comgen.CAN:CAN_tx_data_init_val'...
[2021-10-06 00:10:26,495] [proj] [DEBUG] Loading parameter 'comgen.CAN:CAN_rx_data_init_val'...
[2021-10-06 00:10:26,495] [proj] [INFO] Loading of definitions for component 'comgen.CAN' completed.
[2021-10-06 00:10:26,495] [proj] [DEBUG] Loading definitions for component 'common.codegen'...
[2021-10-06 00:10:26,495] [proj] [DEBUG] Loading parameter 'common.codegen:codegen_word_size'...
[2021-10-06 00:10:26,495] [proj] [DEBUG] Loading parameter 'common.codegen:codegen_is_big_endian'...
[2021-10-06 00:10:26,495] [proj] [DEBUG] Loading parameter 'common.codegen:codegen_pack_struct_str'...
[2021-10-06 00:10:26,495] [proj] [DEBUG] Loading parameter 'common.codegen:codegen_pack_struct_str_pos'...
[2021-10-06 00:10:26,495] [proj] [DEBUG] Loading parameter 'common.codegen:codegen_uint32_t'...
[2021-10-06 00:10:26,495] [proj] [DEBUG] Loading parameter 'common.codegen:codegen_os_fastest_task_ms'...
[2021-10-06 00:10:26,496] [proj] [INFO] Loading of definitions for component 'common.codegen' completed.
[2021-10-06 00:10:26,496] [proj] [DEBUG] Loading definitions for component 'common.project'...
[2021-10-06 00:10:26,496] [proj] [DEBUG] Loading parameter 'common.project:project_allowedComponents'...
[2021-10-06 00:10:26,496] [proj] [DEBUG] Loading parameter 'common.project:project_alias_dict'...
[2021-10-06 00:10:26,496] [proj] [DEBUG] Loading parameter 'common.project:project_root'...
[2021-10-06 00:10:26,496] [proj] [DEBUG] Loading parameter 'common.project:project_path_usr_in'...
[2021-10-06 00:10:26,496] [proj] [DEBUG] Loading parameter 'common.project:project_path_out'...
[2021-10-06 00:10:26,496] [proj] [DEBUG] Loading parameter 'common.project:project_path_working'...
[2021-10-06 00:10:26,496] [proj] [DEBUG] Loading parameter 'common.project:project_path_doc'...
[2021-10-06 00:10:26,496] [proj] [DEBUG] Loading parameter 'common.project:project_path_templates'...
[2021-10-06 00:10:26,496] [proj] [DEBUG] Loading parameter 'common.project:project_pickle'...
[2021-10-06 00:10:26,496] [proj] [DEBUG] Loading parameter 'common.project:project_generate_code'...
[2021-10-06 00:10:26,497] [proj] [DEBUG] Loading parameter 'common.project:project_generate_XML'...
[2021-10-06 00:10:26,497] [proj] [DEBUG] Loading parameter 'common.project:project_generate_docs'...
[2021-10-06 00:10:26,497] [proj] [DEBUG] Loading parameter 'common.project:project_infinite'...
[2021-10-06 00:10:26,497] [proj] [INFO] Loading of definitions for component 'common.project' completed.
[2021-10-06 00:10:26,497] [proj] [DEBUG] Loading definitions for component 'utils.time'...
[2021-10-06 00:10:26,497] [proj] [DEBUG] Loading parameter 'utils.time:time_tasks'...
[2021-10-06 00:10:26,497] [proj] [DEBUG] Loading parameter 'utils.time:time_types'...
[2021-10-06 00:10:26,497] [proj] [DEBUG] Loading parameter 'utils.time:time_types_default'...
[2021-10-06 00:10:26,497] [proj] [DEBUG] Validating validator '["utils.time", "time_types"]'...
[2021-10-06 00:10:26,497] [proj] [DEBUG] Loading parameter 'utils.time:time_timer_mechanisms'...
[2021-10-06 00:10:26,497] [proj] [DEBUG] Loading parameter 'utils.time:time_timer_mechanism'...
[2021-10-06 00:10:26,497] [proj] [DEBUG] Validating validator '["utils.time", "time_timer_mechanisms"]'...
[2021-10-06 00:10:26,497] [proj] [DEBUG] Loading parameter 'utils.time:time_mechanism_param1'...
[2021-10-06 00:10:26,497] [proj] [INFO] Loading of definitions for component 'utils.time' completed.
[2021-10-06 00:10:26,497] [proj] [INFO] ============== Validating parameters' default data ==============
[2021-10-06 00:10:26,498] [proj] [DEBUG] List of parameters to validate is empty.
[2021-10-06 00:10:26,498] [proj] [DEBUG] Validating parameter 'CAN_msg_search_algorithm' against its validator 'comgen.CAN:CAN_msg_search_algorithms'...
[2021-10-06 00:10:26,498] [proj] [DEBUG] Valid data.
[2021-10-06 00:10:26,498] [proj] [DEBUG] Validating parameter 'time_types_default' against its validator 'utils.time:time_types'...
[2021-10-06 00:10:26,498] [proj] [DEBUG] Valid data.
[2021-10-06 00:10:26,498] [proj] [DEBUG] Validating parameter 'time_timer_mechanism' against its validator 'utils.time:time_timer_mechanisms'...
[2021-10-06 00:10:26,498] [proj] [DEBUG] Valid data.
[2021-10-06 00:10:26,498] [proj] [INFO] ============== Loading project components. ==============
[2021-10-06 00:10:26,498] [proj] [INFO] -------------- Loading component of type 'comgen.CAN'.
[2021-10-06 00:10:26,498] [proj] [INFO] Loading default data for mandatory component 'common.codegen' from file 'G:\devproj\github\calvos_0_4\calvos\calvos-engine\calvos\common\usr_in\default_data_common-codegen.ods'.
[2021-10-06 00:10:26,498] [proj] [INFO] Default data loaded for component 'Default: common.codegen'.
[2021-10-06 00:10:26,498] [proj] [INFO] Loading project components completed.
[2021-10-06 00:10:26,499] [proj] [INFO] ============== Resolving project paths. ==============
[2021-10-06 00:10:26,499] [proj] [DEBUG] Expanding string: '$v:project_path$'...
[2021-10-06 00:10:26,499] [proj] [DEBUG] Processing variable token '$v:project_path$'...
[2021-10-06 00:10:26,499] [proj] [DEBUG] Token expanded to: 'G:\devproj\github\calvos_0_4\calvos\calvos-engine\calvos\demo'
[2021-10-06 00:10:26,499] [proj] [DEBUG] String with direct tokens replaced: 'G:\devproj\github\calvos_0_4\calvos\calvos-engine\calvos\demo'
[2021-10-06 00:10:26,499] [proj] [DEBUG] Final expanded string: 'G:\devproj\github\calvos_0_4\calvos\calvos-engine\calvos\demo'
[2021-10-06 00:10:26,499] [proj] [DEBUG] Resolved component 'common.project' path 'project_root': 'G:\devproj\github\calvos_0_4\calvos\calvos-engine\calvos\demo'
[2021-10-06 00:10:26,499] [proj] [DEBUG] Expanding string: '$project_root$/usr_in'...
[2021-10-06 00:10:26,499] [proj] [DEBUG] Processing aliased token '$project_root$'...
[2021-10-06 00:10:26,499] [proj] [DEBUG] Token expanded to: '$p:common.project,project_root$'
[2021-10-06 00:10:26,499] [proj] [DEBUG] Expanded string: '$p:common.project,project_root$/usr_in'
[2021-10-06 00:10:26,500] [proj] [DEBUG] Processing parameter token '$p:common.project,project_root$'...
[2021-10-06 00:10:26,500] [proj] [DEBUG] Token expanded to: 'G:\devproj\github\calvos_0_4\calvos\calvos-engine\calvos\demo'
[2021-10-06 00:10:26,500] [proj] [DEBUG] Final expanded string: 'G:\devproj\github\calvos_0_4\calvos\calvos-engine\calvos\demo/usr_in'
[2021-10-06 00:10:26,500] [proj] [DEBUG] Resolved component 'common.project' path 'project_path_usr_in': 'G:\devproj\github\calvos_0_4\calvos\calvos-engine\calvos\demo\usr_in'
[2021-10-06 00:10:26,500] [proj] [DEBUG] Expanding string: '$project_root$/out'...
[2021-10-06 00:10:26,500] [proj] [DEBUG] Processing aliased token '$project_root$'...
[2021-10-06 00:10:26,500] [proj] [DEBUG] Token expanded to: '$p:common.project,project_root$'
[2021-10-06 00:10:26,500] [proj] [DEBUG] Expanded string: '$p:common.project,project_root$/out'
[2021-10-06 00:10:26,500] [proj] [DEBUG] Processing parameter token '$p:common.project,project_root$'...
[2021-10-06 00:10:26,500] [proj] [DEBUG] Token expanded to: 'G:\devproj\github\calvos_0_4\calvos\calvos-engine\calvos\demo'
[2021-10-06 00:10:26,500] [proj] [DEBUG] Final expanded string: 'G:\devproj\github\calvos_0_4\calvos\calvos-engine\calvos\demo/out'
[2021-10-06 00:10:26,500] [proj] [DEBUG] Resolved component 'common.project' path 'project_path_out': 'G:\devproj\github\calvos_0_4\calvos\calvos-engine\calvos\demo\out'
[2021-10-06 00:10:26,500] [proj] [DEBUG] Expanding string: '$project_out$/working_dir'...
[2021-10-06 00:10:26,500] [proj] [DEBUG] Processing aliased token '$project_out$'...
[2021-10-06 00:10:26,500] [proj] [DEBUG] Token expanded to: '$p:common.project,project_path_out$'
[2021-10-06 00:10:26,500] [proj] [DEBUG] Expanded string: '$p:common.project,project_path_out$/working_dir'
[2021-10-06 00:10:26,500] [proj] [DEBUG] Processing parameter token '$p:common.project,project_path_out$'...
[2021-10-06 00:10:26,500] [proj] [DEBUG] Token expanded to: 'G:\devproj\github\calvos_0_4\calvos\calvos-engine\calvos\demo\out'
[2021-10-06 00:10:26,500] [proj] [DEBUG] Final expanded string: 'G:\devproj\github\calvos_0_4\calvos\calvos-engine\calvos\demo\out/working_dir'
[2021-10-06 00:10:26,501] [proj] [DEBUG] Resolved component 'common.project' path 'project_path_working': 'G:\devproj\github\calvos_0_4\calvos\calvos-engine\calvos\demo\out\working_dir'
[2021-10-06 00:10:26,501] [proj] [DEBUG] Expanding string: '$project_out$/doc'...
[2021-10-06 00:10:26,501] [proj] [DEBUG] Processing aliased token '$project_out$'...
[2021-10-06 00:10:26,501] [proj] [DEBUG] Token expanded to: '$p:common.project,project_path_out$'
[2021-10-06 00:10:26,501] [proj] [DEBUG] Expanded string: '$p:common.project,project_path_out$/doc'
[2021-10-06 00:10:26,501] [proj] [DEBUG] Processing parameter token '$p:common.project,project_path_out$'...
[2021-10-06 00:10:26,501] [proj] [DEBUG] Token expanded to: 'G:\devproj\github\calvos_0_4\calvos\calvos-engine\calvos\demo\out'
[2021-10-06 00:10:26,501] [proj] [DEBUG] Final expanded string: 'G:\devproj\github\calvos_0_4\calvos\calvos-engine\calvos\demo\out/doc'
[2021-10-06 00:10:26,501] [proj] [DEBUG] Resolved component 'common.project' path 'project_path_doc': 'G:\devproj\github\calvos_0_4\calvos\calvos-engine\calvos\demo\out\doc'
[2021-10-06 00:10:26,501] [proj] [DEBUG] Expanding string: '$project_doc$/templates'...
[2021-10-06 00:10:26,501] [proj] [DEBUG] Processing aliased token '$project_doc$'...
[2021-10-06 00:10:26,501] [proj] [DEBUG] Token expanded to: '$p:common.project,project_path_doc$'
[2021-10-06 00:10:26,501] [proj] [DEBUG] Expanded string: '$p:common.project,project_path_doc$/templates'
[2021-10-06 00:10:26,501] [proj] [DEBUG] Processing parameter token '$p:common.project,project_path_doc$'...
[2021-10-06 00:10:26,501] [proj] [DEBUG] Token expanded to: 'G:\devproj\github\calvos_0_4\calvos\calvos-engine\calvos\demo\out\doc'
[2021-10-06 00:10:26,501] [proj] [DEBUG] Final expanded string: 'G:\devproj\github\calvos_0_4\calvos\calvos-engine\calvos\demo\out\doc/templates'
[2021-10-06 00:10:26,501] [proj] [DEBUG] Resolved component 'common.project' path 'project_path_templates': 'G:\devproj\github\calvos_0_4\calvos\calvos-engine\calvos\demo\out\doc\templates'
[2021-10-06 00:10:26,501] [proj] [DEBUG] Expanding string: 'common_Project_object.pickle'...
[2021-10-06 00:10:26,501] [proj] [DEBUG] No replacements performed.
[2021-10-06 00:10:26,502] [proj] [DEBUG] Resolved component 'common.project' path 'project_pickle': 'common_Project_object.pickle'
[2021-10-06 00:10:26,502] [proj] [INFO] Paths expansion completed.
[2021-10-06 00:10:26,502] [proj] [INFO] ============== Processing project components. ==============
[2021-10-06 00:10:26,502] [proj] [INFO] -------------- Loading data for component "CAN Network" of type "comgen.CAN".
[2021-10-06 00:10:26,588] [CAN] [DEBUG] Loading CAN information from file: 'G:\devproj\github\calvos_0_4\calvos\calvos-engine\calvos\demo\usr_in\template - CAN Network Definition.ods'...
[2021-10-06 00:10:26,588] [CAN] [DEBUG] Parsing parameters data.
[2021-10-06 00:10:26,588] [CAN] [DEBUG] Processing parameter 'CAN_gen_nodes' with value '["DCM_DR", "DCM_PS", "DCM_RL", "DCM_RR"]'...
[2021-10-06 00:10:26,589] [CAN] [DEBUG] Added CAN user parameter 'CAN_gen_nodes', type 'list' with value '['DCM_DR', 'DCM_PS', 'DCM_RL', 'DCM_RR']'
[2021-10-06 00:10:26,589] [CAN] [DEBUG] Parsing network data.
[2021-10-06 00:10:26,589] [CAN] [DEBUG] Parsing nodes data.
[2021-10-06 00:10:26,589] [CAN] [DEBUG] Parsing enums type data.
[2021-10-06 00:10:26,589] [CAN] [DEBUG] Parsing messages data.
[2021-10-06 00:10:26,590] [CAN] [DEBUG] Parsing signals data.
[2021-10-06 00:10:26,591] [proj] [INFO] -------------- Loading data for component "Default: common.codegen" of type "common.codegen".
[2021-10-06 00:10:26,616] [proj] [INFO] ============== Generating components code. ==============
[2021-10-06 00:10:26,618] [proj] [INFO] -------------- Generating code for component "CAN Network" of type "comgen.CAN".
[2021-10-06 00:10:26,622] [CAN] [DEBUG] Generating common network file 'comgen_CAN_common.h'...
[2021-10-06 00:10:26,630] [CAN] [INFO] Code generation successful: 'G:\devproj\github\calvos_0_4\calvos\calvos-engine\calvos\demo\out\comgen_CAN_common.h'
[2021-10-06 00:10:26,630] [CAN] [DEBUG] Generating common network file 'comgen_CAN_common.c'...
[2021-10-06 00:10:26,634] [CAN] [INFO] Code generation successful: 'G:\devproj\github\calvos_0_4\calvos\calvos-engine\calvos\demo\out\comgen_CAN_common.c'
[2021-10-06 00:10:26,634] [CAN] [DEBUG] Generating network specific file 'comgen_CAN_network.h'...
[2021-10-06 00:10:26,643] [CAN] [INFO] Code generation successful: 'G:\devproj\github\calvos_0_4\calvos\calvos-engine\calvos\demo\out\comgen_CAN_network.h'
[2021-10-06 00:10:26,643] [CAN] [DEBUG] Generating Node 'DCM_DR' file 'comgen_CAN_DCM_DR_hal.h'...
[2021-10-06 00:10:26,653] [CAN] [INFO] Code generation successful: 'G:\devproj\github\calvos_0_4\calvos\calvos-engine\calvos\demo\out\USER_comgen_CAN_DCM_DR_hal.h'
[2021-10-06 00:10:26,653] [CAN] [DEBUG] Generating Node 'DCM_DR' file 'comgen_CAN_DCM_DR_hal.c'...
[2021-10-06 00:10:26,660] [CAN] [INFO] Code generation successful: 'G:\devproj\github\calvos_0_4\calvos\calvos-engine\calvos\demo\out\USER_comgen_CAN_DCM_DR_hal.c'
[2021-10-06 00:10:26,660] [CAN] [DEBUG] Generating Node 'DCM_DR' file 'comgen_CAN_DCM_DR_node_network.h'...
[2021-10-06 00:10:26,672] [CAN] [INFO] Code generation successful: 'G:\devproj\github\calvos_0_4\calvos\calvos-engine\calvos\demo\out\comgen_CAN_DCM_DR_node_network.h'
[2021-10-06 00:10:26,672] [CAN] [DEBUG] Generating Node 'DCM_DR' file 'comgen_CAN_DCM_DR_core.h'...
[2021-10-06 00:10:26,682] [CAN] [INFO] Code generation successful: 'G:\devproj\github\calvos_0_4\calvos\calvos-engine\calvos\demo\out\comgen_CAN_DCM_DR_core.h'
[2021-10-06 00:10:26,682] [CAN] [DEBUG] Generating Node 'DCM_DR' file 'comgen_CAN_DCM_DR_core.c'...
[2021-10-06 00:10:26,696] [CAN] [INFO] Code generation successful: 'G:\devproj\github\calvos_0_4\calvos\calvos-engine\calvos\demo\out\comgen_CAN_DCM_DR_core.c'
[2021-10-06 00:10:26,696] [CAN] [DEBUG] Generating Node 'DCM_DR' file 'comgen_CAN_DCM_DR_callbacks.h'...
[2021-10-06 00:10:26,702] [CAN] [INFO] Code generation successful: 'G:\devproj\github\calvos_0_4\calvos\calvos-engine\calvos\demo\out\USER_comgen_CAN_DCM_DR_callbacks.h'
[2021-10-06 00:10:26,702] [CAN] [DEBUG] Generating Node 'DCM_DR' file 'comgen_CAN_DCM_DR_callbacks.c'...
[2021-10-06 00:10:26,708] [CAN] [INFO] Code generation successful: 'G:\devproj\github\calvos_0_4\calvos\calvos-engine\calvos\demo\out\USER_comgen_CAN_DCM_DR_callbacks.c'
[2021-10-06 00:10:26,708] [CAN] [DEBUG] Generating Node 'DCM_PS' file 'comgen_CAN_DCM_PS_hal.h'...
[2021-10-06 00:10:26,718] [CAN] [INFO] Code generation successful: 'G:\devproj\github\calvos_0_4\calvos\calvos-engine\calvos\demo\out\USER_comgen_CAN_DCM_PS_hal.h'
[2021-10-06 00:10:26,718] [CAN] [DEBUG] Generating Node 'DCM_PS' file 'comgen_CAN_DCM_PS_hal.c'...
[2021-10-06 00:10:26,725] [CAN] [INFO] Code generation successful: 'G:\devproj\github\calvos_0_4\calvos\calvos-engine\calvos\demo\out\USER_comgen_CAN_DCM_PS_hal.c'
[2021-10-06 00:10:26,725] [CAN] [DEBUG] Generating Node 'DCM_PS' file 'comgen_CAN_DCM_PS_node_network.h'...
[2021-10-06 00:10:26,747] [CAN] [INFO] Code generation successful: 'G:\devproj\github\calvos_0_4\calvos\calvos-engine\calvos\demo\out\comgen_CAN_DCM_PS_node_network.h'
[2021-10-06 00:10:26,747] [CAN] [DEBUG] Generating Node 'DCM_PS' file 'comgen_CAN_DCM_PS_core.h'...
[2021-10-06 00:10:26,756] [CAN] [INFO] Code generation successful: 'G:\devproj\github\calvos_0_4\calvos\calvos-engine\calvos\demo\out\comgen_CAN_DCM_PS_core.h'
[2021-10-06 00:10:26,756] [CAN] [DEBUG] Generating Node 'DCM_PS' file 'comgen_CAN_DCM_PS_core.c'...
[2021-10-06 00:10:26,769] [CAN] [INFO] Code generation successful: 'G:\devproj\github\calvos_0_4\calvos\calvos-engine\calvos\demo\out\comgen_CAN_DCM_PS_core.c'
[2021-10-06 00:10:26,769] [CAN] [DEBUG] Generating Node 'DCM_PS' file 'comgen_CAN_DCM_PS_callbacks.h'...
[2021-10-06 00:10:26,774] [CAN] [INFO] Code generation successful: 'G:\devproj\github\calvos_0_4\calvos\calvos-engine\calvos\demo\out\USER_comgen_CAN_DCM_PS_callbacks.h'
[2021-10-06 00:10:26,774] [CAN] [DEBUG] Generating Node 'DCM_PS' file 'comgen_CAN_DCM_PS_callbacks.c'...
[2021-10-06 00:10:26,781] [CAN] [INFO] Code generation successful: 'G:\devproj\github\calvos_0_4\calvos\calvos-engine\calvos\demo\out\USER_comgen_CAN_DCM_PS_callbacks.c'
[2021-10-06 00:10:26,781] [CAN] [DEBUG] Generating Node 'DCM_RL' file 'comgen_CAN_DCM_RL_hal.h'...
[2021-10-06 00:10:26,790] [CAN] [INFO] Code generation successful: 'G:\devproj\github\calvos_0_4\calvos\calvos-engine\calvos\demo\out\USER_comgen_CAN_DCM_RL_hal.h'
[2021-10-06 00:10:26,790] [CAN] [DEBUG] Generating Node 'DCM_RL' file 'comgen_CAN_DCM_RL_hal.c'...
[2021-10-06 00:10:26,796] [CAN] [INFO] Code generation successful: 'G:\devproj\github\calvos_0_4\calvos\calvos-engine\calvos\demo\out\USER_comgen_CAN_DCM_RL_hal.c'
[2021-10-06 00:10:26,796] [CAN] [DEBUG] Generating Node 'DCM_RL' file 'comgen_CAN_DCM_RL_node_network.h'...
[2021-10-06 00:10:26,809] [CAN] [INFO] Code generation successful: 'G:\devproj\github\calvos_0_4\calvos\calvos-engine\calvos\demo\out\comgen_CAN_DCM_RL_node_network.h'
[2021-10-06 00:10:26,809] [CAN] [DEBUG] Generating Node 'DCM_RL' file 'comgen_CAN_DCM_RL_core.h'...
[2021-10-06 00:10:26,819] [CAN] [INFO] Code generation successful: 'G:\devproj\github\calvos_0_4\calvos\calvos-engine\calvos\demo\out\comgen_CAN_DCM_RL_core.h'
[2021-10-06 00:10:26,819] [CAN] [DEBUG] Generating Node 'DCM_RL' file 'comgen_CAN_DCM_RL_core.c'...
[2021-10-06 00:10:26,832] [CAN] [INFO] Code generation successful: 'G:\devproj\github\calvos_0_4\calvos\calvos-engine\calvos\demo\out\comgen_CAN_DCM_RL_core.c'
[2021-10-06 00:10:26,832] [CAN] [DEBUG] Generating Node 'DCM_RL' file 'comgen_CAN_DCM_RL_callbacks.h'...
[2021-10-06 00:10:26,837] [CAN] [INFO] Code generation successful: 'G:\devproj\github\calvos_0_4\calvos\calvos-engine\calvos\demo\out\USER_comgen_CAN_DCM_RL_callbacks.h'
[2021-10-06 00:10:26,837] [CAN] [DEBUG] Generating Node 'DCM_RL' file 'comgen_CAN_DCM_RL_callbacks.c'...
[2021-10-06 00:10:26,843] [CAN] [INFO] Code generation successful: 'G:\devproj\github\calvos_0_4\calvos\calvos-engine\calvos\demo\out\USER_comgen_CAN_DCM_RL_callbacks.c'
[2021-10-06 00:10:26,843] [CAN] [DEBUG] Generating Node 'DCM_RR' file 'comgen_CAN_DCM_RR_hal.h'...
[2021-10-06 00:10:26,852] [CAN] [INFO] Code generation successful: 'G:\devproj\github\calvos_0_4\calvos\calvos-engine\calvos\demo\out\USER_comgen_CAN_DCM_RR_hal.h'
[2021-10-06 00:10:26,852] [CAN] [DEBUG] Generating Node 'DCM_RR' file 'comgen_CAN_DCM_RR_hal.c'...
[2021-10-06 00:10:26,858] [CAN] [INFO] Code generation successful: 'G:\devproj\github\calvos_0_4\calvos\calvos-engine\calvos\demo\out\USER_comgen_CAN_DCM_RR_hal.c'
[2021-10-06 00:10:26,858] [CAN] [DEBUG] Generating Node 'DCM_RR' file 'comgen_CAN_DCM_RR_node_network.h'...
[2021-10-06 00:10:26,871] [CAN] [INFO] Code generation successful: 'G:\devproj\github\calvos_0_4\calvos\calvos-engine\calvos\demo\out\comgen_CAN_DCM_RR_node_network.h'
[2021-10-06 00:10:26,871] [CAN] [DEBUG] Generating Node 'DCM_RR' file 'comgen_CAN_DCM_RR_core.h'...
[2021-10-06 00:10:26,880] [CAN] [INFO] Code generation successful: 'G:\devproj\github\calvos_0_4\calvos\calvos-engine\calvos\demo\out\comgen_CAN_DCM_RR_core.h'
[2021-10-06 00:10:26,880] [CAN] [DEBUG] Generating Node 'DCM_RR' file 'comgen_CAN_DCM_RR_core.c'...
[2021-10-06 00:10:26,892] [CAN] [INFO] Code generation successful: 'G:\devproj\github\calvos_0_4\calvos\calvos-engine\calvos\demo\out\comgen_CAN_DCM_RR_core.c'
[2021-10-06 00:10:26,892] [CAN] [DEBUG] Generating Node 'DCM_RR' file 'comgen_CAN_DCM_RR_callbacks.h'...
[2021-10-06 00:10:26,898] [CAN] [INFO] Code generation successful: 'G:\devproj\github\calvos_0_4\calvos\calvos-engine\calvos\demo\out\USER_comgen_CAN_DCM_RR_callbacks.h'
[2021-10-06 00:10:26,898] [CAN] [DEBUG] Generating Node 'DCM_RR' file 'comgen_CAN_DCM_RR_callbacks.c'...
[2021-10-06 00:10:26,905] [CAN] [INFO] Code generation successful: 'G:\devproj\github\calvos_0_4\calvos\calvos-engine\calvos\demo\out\USER_comgen_CAN_DCM_RR_callbacks.c'
[2021-10-06 00:10:26,913] [proj] [INFO] -------------- Generating code for component "Default: common.codegen" of type "common.codegen".
[2021-10-06 00:10:26,918] [cg] [INFO] Code generation successful: 'G:\devproj\github\calvos_0_4\calvos\calvos-engine\calvos\demo\out\calvos_types.h'
[2021-10-06 00:10:26,919] [cg] [INFO] Code generation successful: 'G:\devproj\github\calvos_0_4\calvos\calvos-engine\calvos\demo\out\calvos.h'
[2021-10-06 00:10:26,922] [cg] [INFO] Code generation successful: 'G:\devproj\github\calvos_0_4\calvos\calvos-engine\calvos\demo\out\USER_general_defs.h'
[2021-10-06 00:10:26,922] [main] [INFO] ============== Finished calvOS project processing. ==============
[2021-10-06 00:10:26,922] [main] [INFO] "debug" messages : 212
[2021-10-06 00:10:26,922] [main] [INFO] "info" messages : 72
[2021-10-06 00:10:26,923] [main] [INFO] "warning" messages : 0
[2021-10-06 00:10:26,923] [main] [INFO] "error" messages : 0
[2021-10-06 00:10:26,923] [main] [INFO] "critical" messages : 0
