2020-12-27 17:19:13,337 - main - INFO - ======= Started calvOS project processing. =======
2020-12-27 17:19:13,337 - main - INFO - testing concatenation: 1, 2
2020-12-27 17:19:13,439 - main - INFO - Setting up project folders.
2020-12-27 17:19:13,441 - cg - INFO - Folder to be created 'G:\devproj\github\calvos\calvos\project_example\out' already exists.
2020-12-27 17:19:13,449 - main - INFO - ======= Loading project infrastructure. =======
2020-12-27 17:19:13,449 - main - INFO - Create instance for project in "G:\devproj\github\calvos\calvos\project_example\project.xml"
2020-12-27 17:19:13,449 - proj - INFO - Loading project parameters and component definitions...
2020-12-27 17:19:13,450 - proj - INFO - Loading completed.
2020-12-27 17:19:13,450 - proj - INFO - Loading project components...
2020-12-27 17:19:13,450 - proj - INFO - Loading completed.
2020-12-27 17:19:13,450 - proj - INFO - Loading data for component "A codegen component" of type "codegen".
2020-12-27 17:19:13,495 - cg - WARNING - Parameter "constant_case" meaningless. Parameter is ignored.
2020-12-27 17:19:13,495 - proj - INFO - Generating code for component "A codegen component" of type "codegen".
2020-12-27 17:19:13,495 - proj - INFO - Loading data for component "A CAN component" of type "CAN".
2020-12-27 17:19:13,575 - proj - INFO - Generating code for component "A CAN component" of type "CAN".
2020-12-27 17:19:13,580 - CAN - WARNING - Signal part "MNUsignal_2" of signal "MNUsignal" duplicates with name of existing signal in same message. Attempting with prefix "part_"
2020-12-27 17:19:13,585 - proj - INFO - Loading data for component "" of type "CAN".
2020-12-27 17:19:13,643 - proj - INFO - Generating code for component "" of type "CAN".
2020-12-27 17:19:13,647 - CAN - WARNING - Signal part "MNUsignal_2" of signal "MNUsignal" duplicates with name of existing signal in same message. Attempting with prefix "part_"
2020-12-27 17:19:13,652 - main - INFO - ======= Finished calvOS project processing. =======
2020-12-27 17:19:13,652 - main - INFO - "debug" messages : 6
2020-12-27 17:19:13,652 - main - INFO - "info" messages : 18
2020-12-27 17:19:13,652 - main - INFO - "warning" messages : 3
2020-12-27 17:19:13,652 - main - INFO - "error" messages : 0
2020-12-27 17:19:13,652 - main - INFO - "critical" messages : 0
